# JRE version: OpenJDK Runtime Environment Temurin-17.0.10+7 (17.0.10+7) (build 17.0.10+7)
# Java VM: OpenJDK 64-Bit Server VM Temurin-17.0.10+7 (17.0.10+7, mixed mode, tiered, compressed oops, compressed class ptrs, parallel gc, windows-amd64)
GC Precious Log:
 CPUs: 12 total, 12 available
 Memory: 5989M
 Large Page Support: Disabled
 NUMA Support: Disabled
 Compressed Oops: Enabled (32-bit)
 Alignments: Space 512K, Generation 512K, Heap 2M
 Heap Min Capacity: 100M
 Heap Initial Capacity: 100M
 Heap Max Capacity: 1G
 Pre-touch: Disabled
 Parallel Workers: 10
Heap:
 PSYoungGen      total 24064K, used 8735K [0x00000000eab00000, 0x00000000ec600000, 0x0000000100000000)
  eden space 22016K, 34% used [0x00000000eab00000,0x00000000eb26ff98,0x00000000ec080000)
  from space 2048K, 54% used [0x00000000ec200000,0x00000000ec318000,0x00000000ec400000)
  to   space 1536K, 0% used [0x00000000ec480000,0x00000000ec480000,0x00000000ec600000)
 ParOldGen       total 68608K, used 18149K [0x00000000c0000000, 0x00000000c4300000, 0x00000000eab00000)
  object space 68608K, 26% used [0x00000000c0000000,0x00000000c11b97c0,0x00000000c4300000)
 Metaspace       used 45822K, committed 46848K, reserved 1114112K
  class space    used 4845K, committed 5312K, reserved 1048576K
GC Heap History (20 events):
Event: 5.973 GC heap before
{Heap before GC invocations=8 (full 1):
 PSYoungGen      total 26624K, used 26317K [0x00000000eab00000, 0x00000000eca80000, 0x0000000100000000)
  eden space 25088K, 100% used [0x00000000eab00000,0x00000000ec380000,0x00000000ec380000)
  from space 1536K, 80% used [0x00000000ec900000,0x00000000eca334a0,0x00000000eca80000)
  to   space 2560K, 0% used [0x00000000ec580000,0x00000000ec580000,0x00000000ec800000)
 ParOldGen       total 68608K, used 10588K [0x00000000c0000000, 0x00000000c4300000, 0x00000000eab00000)
  object space 68608K, 15% used [0x00000000c0000000,0x00000000c0a573e8,0x00000000c4300000)
 Metaspace       used 27350K, committed 28096K, reserved 1114112K
  class space    used 2829K, committed 3136K, reserved 1048576K
}
Event: 5.976 GC heap after
{Heap after GC invocations=8 (full 1):
 PSYoungGen      total 27136K, used 2540K [0x00000000eab00000, 0x00000000eca00000, 0x0000000100000000)
  eden space 24576K, 0% used [0x00000000eab00000,0x00000000eab00000,0x00000000ec300000)
  from space 2560K, 99% used [0x00000000ec580000,0x00000000ec7fb318,0x00000000ec800000)
  to   space 2048K, 0% used [0x00000000ec800000,0x00000000ec800000,0x00000000eca00000)
 ParOldGen       total 68608K, used 11068K [0x00000000c0000000, 0x00000000c4300000, 0x00000000eab00000)
  object space 68608K, 16% used [0x00000000c0000000,0x00000000c0acf3e8,0x00000000c4300000)
 Metaspace       used 27350K, committed 28096K, reserved 1114112K
  class space    used 2829K, committed 3136K, reserved 1048576K
}
Event: 6.294 GC heap before
{Heap before GC invocations=9 (full 1):
 PSYoungGen      total 27136K, used 27116K [0x00000000eab00000, 0x00000000eca00000, 0x0000000100000000)
  eden space 24576K, 100% used [0x00000000eab00000,0x00000000ec300000,0x00000000ec300000)
  from space 2560K, 99% used [0x00000000ec580000,0x00000000ec7fb318,0x00000000ec800000)
  to   space 2048K, 0% used [0x00000000ec800000,0x00000000ec800000,0x00000000eca00000)
 ParOldGen       total 68608K, used 11068K [0x00000000c0000000, 0x00000000c4300000, 0x00000000eab00000)
  object space 68608K, 16% used [0x00000000c0000000,0x00000000c0acf3e8,0x00000000c4300000)
 Metaspace       used 29879K, committed 30656K, reserved 1114112K
  class space    used 2985K, committed 3328K, reserved 1048576K
}
Event: 6.297 GC heap after
{Heap after GC invocations=9 (full 1):
 PSYoungGen      total 26112K, used 2042K [0x00000000eab00000, 0x00000000eca00000, 0x0000000100000000)
  eden space 24064K, 0% used [0x00000000eab00000,0x00000000eab00000,0x00000000ec280000)
  from space 2048K, 99% used [0x00000000ec800000,0x00000000ec9fe858,0x00000000eca00000)
  to   space 3584K, 0% used [0x00000000ec300000,0x00000000ec300000,0x00000000ec680000)
 ParOldGen       total 68608K, used 12033K [0x00000000c0000000, 0x00000000c4300000, 0x00000000eab00000)
  object space 68608K, 17% used [0x00000000c0000000,0x00000000c0bc0418,0x00000000c4300000)
 Metaspace       used 29879K, committed 30656K, reserved 1114112K
  class space    used 2985K, committed 3328K, reserved 1048576K
}
Event: 6.640 GC heap before
{Heap before GC invocations=10 (full 1):
 PSYoungGen      total 26112K, used 26106K [0x00000000eab00000, 0x00000000eca00000, 0x0000000100000000)
  eden space 24064K, 100% used [0x00000000eab00000,0x00000000ec280000,0x00000000ec280000)
  from space 2048K, 99% used [0x00000000ec800000,0x00000000ec9fe858,0x00000000eca00000)
  to   space 3584K, 0% used [0x00000000ec300000,0x00000000ec300000,0x00000000ec680000)
 ParOldGen       total 68608K, used 12033K [0x00000000c0000000, 0x00000000c4300000, 0x00000000eab00000)
  object space 68608K, 17% used [0x00000000c0000000,0x00000000c0bc0418,0x00000000c4300000)
 Metaspace       used 32728K, committed 33600K, reserved 1114112K
  class space    used 3213K, committed 3584K, reserved 1048576K
}
Event: 6.644 GC heap after
{Heap after GC invocations=10 (full 1):
 PSYoungGen      total 27136K, used 3364K [0x00000000eab00000, 0x00000000ec900000, 0x0000000100000000)
  eden space 23552K, 0% used [0x00000000eab00000,0x00000000eab00000,0x00000000ec200000)
  from space 3584K, 93% used [0x00000000ec300000,0x00000000ec6490e0,0x00000000ec680000)
  to   space 2560K, 0% used [0x00000000ec680000,0x00000000ec680000,0x00000000ec900000)
 ParOldGen       total 68608K, used 12821K [0x00000000c0000000, 0x00000000c4300000, 0x00000000eab00000)
  object space 68608K, 18% used [0x00000000c0000000,0x00000000c0c85560,0x00000000c4300000)
 Metaspace       used 32728K, committed 33600K, reserved 1114112K
  class space    used 3213K, committed 3584K, reserved 1048576K
}
Event: 7.038 GC heap before
{Heap before GC invocations=11 (full 1):
 PSYoungGen      total 27136K, used 26916K [0x00000000eab00000, 0x00000000ec900000, 0x0000000100000000)
  eden space 23552K, 100% used [0x00000000eab00000,0x00000000ec200000,0x00000000ec200000)
  from space 3584K, 93% used [0x00000000ec300000,0x00000000ec6490e0,0x00000000ec680000)
  to   space 2560K, 0% used [0x00000000ec680000,0x00000000ec680000,0x00000000ec900000)
 ParOldGen       total 68608K, used 12821K [0x00000000c0000000, 0x00000000c4300000, 0x00000000eab00000)
  object space 68608K, 18% used [0x00000000c0000000,0x00000000c0c85560,0x00000000c4300000)
 Metaspace       used 34763K, committed 35712K, reserved 1114112K
  class space    used 3399K, committed 3776K, reserved 1048576K
}
Event: 7.042 GC heap after
{Heap after GC invocations=11 (full 1):
 PSYoungGen      total 25600K, used 2478K [0x00000000eab00000, 0x00000000ec900000, 0x0000000100000000)
  eden space 23040K, 0% used [0x00000000eab00000,0x00000000eab00000,0x00000000ec180000)
  from space 2560K, 96% used [0x00000000ec680000,0x00000000ec8eb910,0x00000000ec900000)
  to   space 3072K, 0% used [0x00000000ec300000,0x00000000ec300000,0x00000000ec600000)
 ParOldGen       total 68608K, used 14895K [0x00000000c0000000, 0x00000000c4300000, 0x00000000eab00000)
  object space 68608K, 21% used [0x00000000c0000000,0x00000000c0e8be78,0x00000000c4300000)
 Metaspace       used 34763K, committed 35712K, reserved 1114112K
  class space    used 3399K, committed 3776K, reserved 1048576K
}
Event: 7.057 GC heap before
{Heap before GC invocations=12 (full 1):
 PSYoungGen      total 25600K, used 4207K [0x00000000eab00000, 0x00000000ec900000, 0x0000000100000000)
  eden space 23040K, 7% used [0x00000000eab00000,0x00000000eacb04d8,0x00000000ec180000)
  from space 2560K, 96% used [0x00000000ec680000,0x00000000ec8eb910,0x00000000ec900000)
  to   space 3072K, 0% used [0x00000000ec300000,0x00000000ec300000,0x00000000ec600000)
 ParOldGen       total 68608K, used 14895K [0x00000000c0000000, 0x00000000c4300000, 0x00000000eab00000)
  object space 68608K, 21% used [0x00000000c0000000,0x00000000c0e8be78,0x00000000c4300000)
 Metaspace       used 35006K, committed 35840K, reserved 1114112K
  class space    used 3430K, committed 3776K, reserved 1048576K
}
Event: 7.060 GC heap after
{Heap after GC invocations=12 (full 1):
 PSYoungGen      total 23552K, used 288K [0x00000000eab00000, 0x00000000ec700000, 0x0000000100000000)
  eden space 23040K, 0% used [0x00000000eab00000,0x00000000eab00000,0x00000000ec180000)
  from space 512K, 56% used [0x00000000ec300000,0x00000000ec348000,0x00000000ec380000)
  to   space 1536K, 0% used [0x00000000ec580000,0x00000000ec580000,0x00000000ec700000)
 ParOldGen       total 68608K, used 17171K [0x00000000c0000000, 0x00000000c4300000, 0x00000000eab00000)
  object space 68608K, 25% used [0x00000000c0000000,0x00000000c10c4fd0,0x00000000c4300000)
 Metaspace       used 35006K, committed 35840K, reserved 1114112K
  class space    used 3430K, committed 3776K, reserved 1048576K
}
Event: 7.060 GC heap before
{Heap before GC invocations=13 (full 2):
 PSYoungGen      total 23552K, used 288K [0x00000000eab00000, 0x00000000ec700000, 0x0000000100000000)
  eden space 23040K, 0% used [0x00000000eab00000,0x00000000eab00000,0x00000000ec180000)
  from space 512K, 56% used [0x00000000ec300000,0x00000000ec348000,0x00000000ec380000)
  to   space 1536K, 0% used [0x00000000ec580000,0x00000000ec580000,0x00000000ec700000)
 ParOldGen       total 68608K, used 17171K [0x00000000c0000000, 0x00000000c4300000, 0x00000000eab00000)
  object space 68608K, 25% used [0x00000000c0000000,0x00000000c10c4fd0,0x00000000c4300000)
 Metaspace       used 35006K, committed 35840K, reserved 1114112K
  class space    used 3430K, committed 3776K, reserved 1048576K
}
Event: 7.103 GC heap after
{Heap after GC invocations=13 (full 2):
 PSYoungGen      total 23552K, used 0K [0x00000000eab00000, 0x00000000ec700000, 0x0000000100000000)
  eden space 23040K, 0% used [0x00000000eab00000,0x00000000eab00000,0x00000000ec180000)
  from space 512K, 0% used [0x00000000ec300000,0x00000000ec300000,0x00000000ec380000)
  to   space 1536K, 0% used [0x00000000ec580000,0x00000000ec580000,0x00000000ec700000)
 ParOldGen       total 68608K, used 15777K [0x00000000c0000000, 0x00000000c4300000, 0x00000000eab00000)
  object space 68608K, 22% used [0x00000000c0000000,0x00000000c0f687f0,0x00000000c4300000)
 Metaspace       used 35006K, committed 35840K, reserved 1114112K
  class space    used 3430K, committed 3776K, reserved 1048576K
}
Event: 7.511 GC heap before
{Heap before GC invocations=14 (full 2):
 PSYoungGen      total 23552K, used 23040K [0x00000000eab00000, 0x00000000ec700000, 0x0000000100000000)
  eden space 23040K, 100% used [0x00000000eab00000,0x00000000ec180000,0x00000000ec180000)
  from space 512K, 0% used [0x00000000ec300000,0x00000000ec300000,0x00000000ec380000)
  to   space 1536K, 0% used [0x00000000ec580000,0x00000000ec580000,0x00000000ec700000)
 ParOldGen       total 68608K, used 15777K [0x00000000c0000000, 0x00000000c4300000, 0x00000000eab00000)
  object space 68608K, 22% used [0x00000000c0000000,0x00000000c0f687f0,0x00000000c4300000)
 Metaspace       used 38251K, committed 39168K, reserved 1114112K
  class space    used 3886K, committed 4288K, reserved 1048576K
}
Event: 7.512 GC heap after
{Heap after GC invocations=14 (full 2):
 PSYoungGen      total 23552K, used 832K [0x00000000eab00000, 0x00000000ec680000, 0x0000000100000000)
  eden space 22528K, 0% used [0x00000000eab00000,0x00000000eab00000,0x00000000ec100000)
  from space 1024K, 81% used [0x00000000ec580000,0x00000000ec650000,0x00000000ec680000)
  to   space 1024K, 0% used [0x00000000ec480000,0x00000000ec480000,0x00000000ec580000)
 ParOldGen       total 68608K, used 15785K [0x00000000c0000000, 0x00000000c4300000, 0x00000000eab00000)
  object space 68608K, 23% used [0x00000000c0000000,0x00000000c0f6a7f0,0x00000000c4300000)
 Metaspace       used 38251K, committed 39168K, reserved 1114112K
  class space    used 3886K, committed 4288K, reserved 1048576K
}
Event: 7.790 GC heap before
{Heap before GC invocations=15 (full 2):
 PSYoungGen      total 23552K, used 23357K [0x00000000eab00000, 0x00000000ec680000, 0x0000000100000000)
  eden space 22528K, 99% used [0x00000000eab00000,0x00000000ec0ff7a0,0x00000000ec100000)
  from space 1024K, 81% used [0x00000000ec580000,0x00000000ec650000,0x00000000ec680000)
  to   space 1024K, 0% used [0x00000000ec480000,0x00000000ec480000,0x00000000ec580000)
 ParOldGen       total 68608K, used 15785K [0x00000000c0000000, 0x00000000c4300000, 0x00000000eab00000)
  object space 68608K, 23% used [0x00000000c0000000,0x00000000c0f6a7f0,0x00000000c4300000)
 Metaspace       used 40353K, committed 41344K, reserved 1114112K
  class space    used 4131K, committed 4544K, reserved 1048576K
}
Event: 7.793 GC heap after
{Heap after GC invocations=15 (full 2):
 PSYoungGen      total 23040K, used 1010K [0x00000000eab00000, 0x00000000ec600000, 0x0000000100000000)
  eden space 22016K, 0% used [0x00000000eab00000,0x00000000eab00000,0x00000000ec080000)
  from space 1024K, 98% used [0x00000000ec480000,0x00000000ec57ca70,0x00000000ec580000)
  to   space 512K, 0% used [0x00000000ec580000,0x00000000ec580000,0x00000000ec600000)
 ParOldGen       total 68608K, used 16691K [0x00000000c0000000, 0x00000000c4300000, 0x00000000eab00000)
  object space 68608K, 24% used [0x00000000c0000000,0x00000000c104cca8,0x00000000c4300000)
 Metaspace       used 40353K, committed 41344K, reserved 1114112K
  class space    used 4131K, committed 4544K, reserved 1048576K
}
Event: 8.159 GC heap before
{Heap before GC invocations=16 (full 2):
 PSYoungGen      total 23040K, used 23026K [0x00000000eab00000, 0x00000000ec600000, 0x0000000100000000)
  eden space 22016K, 100% used [0x00000000eab00000,0x00000000ec080000,0x00000000ec080000)
  from space 1024K, 98% used [0x00000000ec480000,0x00000000ec57ca70,0x00000000ec580000)
  to   space 512K, 0% used [0x00000000ec580000,0x00000000ec580000,0x00000000ec600000)
 ParOldGen       total 68608K, used 16691K [0x00000000c0000000, 0x00000000c4300000, 0x00000000eab00000)
  object space 68608K, 24% used [0x00000000c0000000,0x00000000c104cca8,0x00000000c4300000)
 Metaspace       used 42375K, committed 43392K, reserved 1114112K
  class space    used 4393K, committed 4864K, reserved 1048576K
}
Event: 8.162 GC heap after
{Heap after GC invocations=16 (full 2):
 PSYoungGen      total 22528K, used 512K [0x00000000eab00000, 0x00000000ec600000, 0x0000000100000000)
  eden space 22016K, 0% used [0x00000000eab00000,0x00000000eab00000,0x00000000ec080000)
  from space 512K, 100% used [0x00000000ec580000,0x00000000ec600000,0x00000000ec600000)
  to   space 2048K, 0% used [0x00000000ec200000,0x00000000ec200000,0x00000000ec400000)
 ParOldGen       total 68608K, used 17675K [0x00000000c0000000, 0x00000000c4300000, 0x00000000eab00000)
  object space 68608K, 25% used [0x00000000c0000000,0x00000000c1142f80,0x00000000c4300000)
 Metaspace       used 42375K, committed 43392K, reserved 1114112K
  class space    used 4393K, committed 4864K, reserved 1048576K
}
Event: 8.769 GC heap before
{Heap before GC invocations=17 (full 2):
 PSYoungGen      total 22528K, used 22528K [0x00000000eab00000, 0x00000000ec600000, 0x0000000100000000)
  eden space 22016K, 100% used [0x00000000eab00000,0x00000000ec080000,0x00000000ec080000)
  from space 512K, 100% used [0x00000000ec580000,0x00000000ec600000,0x00000000ec600000)
  to   space 2048K, 0% used [0x00000000ec200000,0x00000000ec200000,0x00000000ec400000)
 ParOldGen       total 68608K, used 17675K [0x00000000c0000000, 0x00000000c4300000, 0x00000000eab00000)
  object space 68608K, 25% used [0x00000000c0000000,0x00000000c1142f80,0x00000000c4300000)
 Metaspace       used 44989K, committed 46080K, reserved 1114112K
  class space    used 4724K, committed 5184K, reserved 1048576K
}
Event: 8.771 GC heap after
{Heap after GC invocations=17 (full 2):
 PSYoungGen      total 24064K, used 1120K [0x00000000eab00000, 0x00000000ec600000, 0x0000000100000000)
  eden space 22016K, 0% used [0x00000000eab00000,0x00000000eab00000,0x00000000ec080000)
  from space 2048K, 54% used [0x00000000ec200000,0x00000000ec318000,0x00000000ec400000)
  to   space 1536K, 0% used [0x00000000ec480000,0x00000000ec480000,0x00000000ec600000)
 ParOldGen       total 68608K, used 18149K [0x00000000c0000000, 0x00000000c4300000, 0x00000000eab00000)
  object space 68608K, 26% used [0x00000000c0000000,0x00000000c11b97c0,0x00000000c4300000)
 Metaspace       used 44989K, committed 46080K, reserved 1114112K
  class space    used 4724K, committed 5184K, reserved 1048576K
}

