# JRE version: OpenJDK Runtime Environment Temurin-17.0.10+7 (17.0.10+7) (build 17.0.10+7)
# Java VM: OpenJDK 64-Bit Server VM Temurin-17.0.10+7 (17.0.10+7, mixed mode, emulated-client, tiered, compressed oops, compressed class ptrs, g1 gc, windows-amd64)
GC Precious Log:
 CPUs: 12 total, 12 available
 Memory: 5989M
 Large Page Support: Disabled
 NUMA Support: Disabled
 Compressed Oops: Enabled (32-bit)
 Heap Region Size: 1M
 Heap Min Capacity: 8M
 Heap Initial Capacity: 94M
 Heap Max Capacity: 1G
 Pre-touch: Disabled
 Parallel Workers: 10
 Concurrent Workers: 3
 Concurrent Refinement Workers: 10
 Periodic GC: Disabled
Heap:
 garbage-first heap   total 137216K, used 44051K [0x00000000c0000000, 0x0000000100000000)
  region size 1024K, 1 young (1024K), 0 survivors (0K)
 Metaspace       used 62814K, committed 63360K, reserved 1114112K
  class space    used 7939K, committed 8192K, reserved 1048576K
GC Heap History (20 events):
Event: 74814.164 GC heap before
{Heap before GC invocations=1976 (full 1623):
 garbage-first heap   total 137216K, used 44051K [0x00000000c0000000, 0x0000000100000000)
  region size 1024K, 1 young (1024K), 0 survivors (0K)
 Metaspace       used 62804K, committed 63360K, reserved 1114112K
  class space    used 7938K, committed 8192K, reserved 1048576K
}
Event: 74814.208 GC heap after
{Heap after GC invocations=1977 (full 1624):
 garbage-first heap   total 137216K, used 44051K [0x00000000c0000000, 0x0000000100000000)
  region size 1024K, 0 young (0K), 0 survivors (0K)
 Metaspace       used 62804K, committed 63360K, reserved 1114112K
  class space    used 7938K, committed 8192K, reserved 1048576K
}
Event: 74824.360 GC heap before
{Heap before GC invocations=1977 (full 1624):
 garbage-first heap   total 137216K, used 44051K [0x00000000c0000000, 0x0000000100000000)
  region size 1024K, 1 young (1024K), 0 survivors (0K)
 Metaspace       used 62804K, committed 63360K, reserved 1114112K
  class space    used 7938K, committed 8192K, reserved 1048576K
}
Event: 74824.399 GC heap after
{Heap after GC invocations=1978 (full 1625):
 garbage-first heap   total 137216K, used 44051K [0x00000000c0000000, 0x0000000100000000)
  region size 1024K, 0 young (0K), 0 survivors (0K)
 Metaspace       used 62804K, committed 63360K, reserved 1114112K
  class space    used 7938K, committed 8192K, reserved 1048576K
}
Event: 74834.542 GC heap before
{Heap before GC invocations=1978 (full 1625):
 garbage-first heap   total 137216K, used 44051K [0x00000000c0000000, 0x0000000100000000)
  region size 1024K, 1 young (1024K), 0 survivors (0K)
 Metaspace       used 62804K, committed 63360K, reserved 1114112K
  class space    used 7938K, committed 8192K, reserved 1048576K
}
Event: 74834.579 GC heap after
{Heap after GC invocations=1979 (full 1626):
 garbage-first heap   total 137216K, used 44051K [0x00000000c0000000, 0x0000000100000000)
  region size 1024K, 0 young (0K), 0 survivors (0K)
 Metaspace       used 62804K, committed 63360K, reserved 1114112K
  class space    used 7938K, committed 8192K, reserved 1048576K
}
Event: 74844.723 GC heap before
{Heap before GC invocations=1979 (full 1626):
 garbage-first heap   total 137216K, used 44051K [0x00000000c0000000, 0x0000000100000000)
  region size 1024K, 1 young (1024K), 0 survivors (0K)
 Metaspace       used 62804K, committed 63360K, reserved 1114112K
  class space    used 7938K, committed 8192K, reserved 1048576K
}
Event: 74844.762 GC heap after
{Heap after GC invocations=1980 (full 1627):
 garbage-first heap   total 137216K, used 44051K [0x00000000c0000000, 0x0000000100000000)
  region size 1024K, 0 young (0K), 0 survivors (0K)
 Metaspace       used 62804K, committed 63360K, reserved 1114112K
  class space    used 7938K, committed 8192K, reserved 1048576K
}
Event: 74854.899 GC heap before
{Heap before GC invocations=1980 (full 1627):
 garbage-first heap   total 137216K, used 44051K [0x00000000c0000000, 0x0000000100000000)
  region size 1024K, 1 young (1024K), 0 survivors (0K)
 Metaspace       used 62804K, committed 63360K, reserved 1114112K
  class space    used 7938K, committed 8192K, reserved 1048576K
}
Event: 74854.936 GC heap after
{Heap after GC invocations=1981 (full 1628):
 garbage-first heap   total 137216K, used 44051K [0x00000000c0000000, 0x0000000100000000)
  region size 1024K, 0 young (0K), 0 survivors (0K)
 Metaspace       used 62804K, committed 63360K, reserved 1114112K
  class space    used 7938K, committed 8192K, reserved 1048576K
}
Event: 74865.821 GC heap before
{Heap before GC invocations=1981 (full 1628):
 garbage-first heap   total 137216K, used 44051K [0x00000000c0000000, 0x0000000100000000)
  region size 1024K, 1 young (1024K), 0 survivors (0K)
 Metaspace       used 62804K, committed 63360K, reserved 1114112K
  class space    used 7938K, committed 8192K, reserved 1048576K
}
Event: 74865.896 GC heap after
{Heap after GC invocations=1982 (full 1629):
 garbage-first heap   total 137216K, used 44051K [0x00000000c0000000, 0x0000000100000000)
  region size 1024K, 0 young (0K), 0 survivors (0K)
 Metaspace       used 62804K, committed 63360K, reserved 1114112K
  class space    used 7938K, committed 8192K, reserved 1048576K
}
Event: 74876.070 GC heap before
{Heap before GC invocations=1982 (full 1629):
 garbage-first heap   total 137216K, used 44051K [0x00000000c0000000, 0x0000000100000000)
  region size 1024K, 1 young (1024K), 0 survivors (0K)
 Metaspace       used 62804K, committed 63360K, reserved 1114112K
  class space    used 7938K, committed 8192K, reserved 1048576K
}
Event: 74876.119 GC heap after
{Heap after GC invocations=1983 (full 1630):
 garbage-first heap   total 137216K, used 44051K [0x00000000c0000000, 0x0000000100000000)
  region size 1024K, 0 young (0K), 0 survivors (0K)
 Metaspace       used 62804K, committed 63360K, reserved 1114112K
  class space    used 7938K, committed 8192K, reserved 1048576K
}
Event: 74886.300 GC heap before
{Heap before GC invocations=1983 (full 1630):
 garbage-first heap   total 137216K, used 44051K [0x00000000c0000000, 0x0000000100000000)
  region size 1024K, 1 young (1024K), 0 survivors (0K)
 Metaspace       used 62804K, committed 63360K, reserved 1114112K
  class space    used 7938K, committed 8192K, reserved 1048576K
}
Event: 74886.338 GC heap after
{Heap after GC invocations=1984 (full 1631):
 garbage-first heap   total 137216K, used 44051K [0x00000000c0000000, 0x0000000100000000)
  region size 1024K, 0 young (0K), 0 survivors (0K)
 Metaspace       used 62804K, committed 63360K, reserved 1114112K
  class space    used 7938K, committed 8192K, reserved 1048576K
}
Event: 74896.752 GC heap before
{Heap before GC invocations=1984 (full 1631):
 garbage-first heap   total 137216K, used 44051K [0x00000000c0000000, 0x0000000100000000)
  region size 1024K, 1 young (1024K), 0 survivors (0K)
 Metaspace       used 62804K, committed 63360K, reserved 1114112K
  class space    used 7938K, committed 8192K, reserved 1048576K
}
Event: 74896.830 GC heap after
{Heap after GC invocations=1985 (full 1632):
 garbage-first heap   total 137216K, used 44051K [0x00000000c0000000, 0x0000000100000000)
  region size 1024K, 0 young (0K), 0 survivors (0K)
 Metaspace       used 62804K, committed 63360K, reserved 1114112K
  class space    used 7938K, committed 8192K, reserved 1048576K
}
Event: 74907.246 GC heap before
{Heap before GC invocations=1985 (full 1632):
 garbage-first heap   total 137216K, used 44051K [0x00000000c0000000, 0x0000000100000000)
  region size 1024K, 1 young (1024K), 0 survivors (0K)
 Metaspace       used 62804K, committed 63360K, reserved 1114112K
  class space    used 7938K, committed 8192K, reserved 1048576K
}
Event: 74907.287 GC heap after
{Heap after GC invocations=1986 (full 1633):
 garbage-first heap   total 137216K, used 44051K [0x00000000c0000000, 0x0000000100000000)
  region size 1024K, 0 young (0K), 0 survivors (0K)
 Metaspace       used 62804K, committed 63360K, reserved 1114112K
  class space    used 7938K, committed 8192K, reserved 1048576K
}

