# JRE version: OpenJDK Runtime Environment Temurin-17.0.10+7 (17.0.10+7) (build 17.0.10+7)
# Java VM: OpenJDK 64-Bit Server VM Temurin-17.0.10+7 (17.0.10+7, mixed mode, emulated-client, tiered, compressed oops, compressed class ptrs, g1 gc, windows-amd64)
GC Precious Log:
 CPUs: 12 total, 12 available
 Memory: 5989M
 Large Page Support: Disabled
 NUMA Support: Disabled
 Compressed Oops: Enabled (32-bit)
 Heap Region Size: 1M
 Heap Min Capacity: 8M
 Heap Initial Capacity: 94M
 Heap Max Capacity: 1G
 Pre-touch: Disabled
 Parallel Workers: 10
 Concurrent Workers: 3
 Concurrent Refinement Workers: 10
 Periodic GC: Disabled
Heap:
 garbage-first heap   total 91136K, used 36718K [0x00000000c0000000, 0x0000000100000000)
  region size 1024K, 1 young (1024K), 0 survivors (0K)
 Metaspace       used 59508K, committed 60224K, reserved 1114112K
  class space    used 7407K, committed 7680K, reserved 1048576K
GC Heap History (20 events):
Event: 271.271 GC heap before
{Heap before GC invocations=26 (full 12):
 garbage-first heap   total 91136K, used 37835K [0x00000000c0000000, 0x0000000100000000)
  region size 1024K, 1 young (1024K), 0 survivors (0K)
 Metaspace       used 59485K, committed 60224K, reserved 1114112K
  class space    used 7403K, committed 7680K, reserved 1048576K
}
Event: 271.319 GC heap after
{Heap after GC invocations=27 (full 13):
 garbage-first heap   total 91136K, used 37835K [0x00000000c0000000, 0x0000000100000000)
  region size 1024K, 0 young (0K), 0 survivors (0K)
 Metaspace       used 59485K, committed 60224K, reserved 1114112K
  class space    used 7403K, committed 7680K, reserved 1048576K
}
Event: 281.763 GC heap before
{Heap before GC invocations=27 (full 13):
 garbage-first heap   total 91136K, used 37835K [0x00000000c0000000, 0x0000000100000000)
  region size 1024K, 1 young (1024K), 0 survivors (0K)
 Metaspace       used 59485K, committed 60224K, reserved 1114112K
  class space    used 7403K, committed 7680K, reserved 1048576K
}
Event: 281.814 GC heap after
{Heap after GC invocations=28 (full 14):
 garbage-first heap   total 91136K, used 37835K [0x00000000c0000000, 0x0000000100000000)
  region size 1024K, 0 young (0K), 0 survivors (0K)
 Metaspace       used 59485K, committed 60224K, reserved 1114112K
  class space    used 7403K, committed 7680K, reserved 1048576K
}
Event: 292.272 GC heap before
{Heap before GC invocations=28 (full 14):
 garbage-first heap   total 91136K, used 37835K [0x00000000c0000000, 0x0000000100000000)
  region size 1024K, 1 young (1024K), 0 survivors (0K)
 Metaspace       used 59485K, committed 60224K, reserved 1114112K
  class space    used 7403K, committed 7680K, reserved 1048576K
}
Event: 292.324 GC heap after
{Heap after GC invocations=29 (full 15):
 garbage-first heap   total 91136K, used 37835K [0x00000000c0000000, 0x0000000100000000)
  region size 1024K, 0 young (0K), 0 survivors (0K)
 Metaspace       used 59485K, committed 60224K, reserved 1114112K
  class space    used 7403K, committed 7680K, reserved 1048576K
}
Event: 332.907 GC heap before
{Heap before GC invocations=29 (full 15):
 garbage-first heap   total 91136K, used 40907K [0x00000000c0000000, 0x0000000100000000)
  region size 1024K, 4 young (4096K), 0 survivors (0K)
 Metaspace       used 59508K, committed 60224K, reserved 1114112K
  class space    used 7407K, committed 7680K, reserved 1048576K
}
Event: 332.972 GC heap after
{Heap after GC invocations=30 (full 16):
 garbage-first heap   total 91136K, used 37802K [0x00000000c0000000, 0x0000000100000000)
  region size 1024K, 0 young (0K), 0 survivors (0K)
 Metaspace       used 59508K, committed 60224K, reserved 1114112K
  class space    used 7407K, committed 7680K, reserved 1048576K
}
Event: 343.504 GC heap before
{Heap before GC invocations=30 (full 16):
 garbage-first heap   total 91136K, used 37802K [0x00000000c0000000, 0x0000000100000000)
  region size 1024K, 1 young (1024K), 0 survivors (0K)
 Metaspace       used 59508K, committed 60224K, reserved 1114112K
  class space    used 7407K, committed 7680K, reserved 1048576K
}
Event: 343.555 GC heap after
{Heap after GC invocations=31 (full 17):
 garbage-first heap   total 91136K, used 36846K [0x00000000c0000000, 0x0000000100000000)
  region size 1024K, 0 young (0K), 0 survivors (0K)
 Metaspace       used 59508K, committed 60224K, reserved 1114112K
  class space    used 7407K, committed 7680K, reserved 1048576K
}
Event: 354.211 GC heap before
{Heap before GC invocations=31 (full 17):
 garbage-first heap   total 91136K, used 36846K [0x00000000c0000000, 0x0000000100000000)
  region size 1024K, 1 young (1024K), 0 survivors (0K)
 Metaspace       used 59508K, committed 60224K, reserved 1114112K
  class space    used 7407K, committed 7680K, reserved 1048576K
}
Event: 354.264 GC heap after
{Heap after GC invocations=32 (full 18):
 garbage-first heap   total 91136K, used 36846K [0x00000000c0000000, 0x0000000100000000)
  region size 1024K, 0 young (0K), 0 survivors (0K)
 Metaspace       used 59508K, committed 60224K, reserved 1114112K
  class space    used 7407K, committed 7680K, reserved 1048576K
}
Event: 364.772 GC heap before
{Heap before GC invocations=32 (full 18):
 garbage-first heap   total 91136K, used 36846K [0x00000000c0000000, 0x0000000100000000)
  region size 1024K, 1 young (1024K), 0 survivors (0K)
 Metaspace       used 59508K, committed 60224K, reserved 1114112K
  class space    used 7407K, committed 7680K, reserved 1048576K
}
Event: 364.818 GC heap after
{Heap after GC invocations=33 (full 19):
 garbage-first heap   total 91136K, used 36719K [0x00000000c0000000, 0x0000000100000000)
  region size 1024K, 0 young (0K), 0 survivors (0K)
 Metaspace       used 59508K, committed 60224K, reserved 1114112K
  class space    used 7407K, committed 7680K, reserved 1048576K
}
Event: 375.312 GC heap before
{Heap before GC invocations=33 (full 19):
 garbage-first heap   total 91136K, used 36719K [0x00000000c0000000, 0x0000000100000000)
  region size 1024K, 1 young (1024K), 0 survivors (0K)
 Metaspace       used 59508K, committed 60224K, reserved 1114112K
  class space    used 7407K, committed 7680K, reserved 1048576K
}
Event: 375.366 GC heap after
{Heap after GC invocations=34 (full 20):
 garbage-first heap   total 91136K, used 36720K [0x00000000c0000000, 0x0000000100000000)
  region size 1024K, 0 young (0K), 0 survivors (0K)
 Metaspace       used 59508K, committed 60224K, reserved 1114112K
  class space    used 7407K, committed 7680K, reserved 1048576K
}
Event: 385.882 GC heap before
{Heap before GC invocations=34 (full 20):
 garbage-first heap   total 91136K, used 36720K [0x00000000c0000000, 0x0000000100000000)
  region size 1024K, 1 young (1024K), 0 survivors (0K)
 Metaspace       used 59508K, committed 60224K, reserved 1114112K
  class space    used 7407K, committed 7680K, reserved 1048576K
}
Event: 385.932 GC heap after
{Heap after GC invocations=35 (full 21):
 garbage-first heap   total 91136K, used 36718K [0x00000000c0000000, 0x0000000100000000)
  region size 1024K, 0 young (0K), 0 survivors (0K)
 Metaspace       used 59508K, committed 60224K, reserved 1114112K
  class space    used 7407K, committed 7680K, reserved 1048576K
}
Event: 396.542 GC heap before
{Heap before GC invocations=35 (full 21):
 garbage-first heap   total 91136K, used 36718K [0x00000000c0000000, 0x0000000100000000)
  region size 1024K, 1 young (1024K), 0 survivors (0K)
 Metaspace       used 59508K, committed 60224K, reserved 1114112K
  class space    used 7407K, committed 7680K, reserved 1048576K
}
Event: 396.596 GC heap after
{Heap after GC invocations=36 (full 22):
 garbage-first heap   total 91136K, used 36718K [0x00000000c0000000, 0x0000000100000000)
  region size 1024K, 0 young (0K), 0 survivors (0K)
 Metaspace       used 59508K, committed 60224K, reserved 1114112K
  class space    used 7407K, committed 7680K, reserved 1048576K
}

